
1월 29, 2020 09:06:04.45 NEW SESSION
1월 29, 2020 09:06:04.45 [0129/090604.436:ERROR:file_io.cc(134)] WriteFile: 파이프가 닫히는 중입니다. (0xE8)

1월 30, 2020 10:11:09.63 NEW SESSION
1월 30, 2020 10:11:09.63 [4564:5260:0130/101109.629:ERROR:CONSOLE(764)] "Failed to execute 'postMessage' on 'DOMWindow': The target origin provided ('https://www.google.com') does not match the recipient window's origin ('chrome-search://local-ntp').", source: chrome-search://most-visited/single.js (764)

2월 03, 2020 18:50:05.49 NEW SESSION
2월 03, 2020 18:50:05.49 [6000:2456:0203/185005.407:ERROR:socket_stream.cc(218)] Closing stream with result -2

2월 19, 2020 08:57:29.71 NEW SESSION
2월 19, 2020 08:57:29.71 [1860:3416:0219/085729.713:ERROR:CONSOLE(97)] "Ignoring unauthorized client request from null", source: devtools://devtools/bundled/extensions/ExtensionServer.js (97)

2월 24, 2020 09:09:56.66 NEW SESSION
2월 24, 2020 09:09:56.66 [3984:2924:0224/090956.660:ERROR:CONSOLE(97)] "Ignoring unauthorized client request from null", source: devtools://devtools/bundled/extensions/ExtensionServer.js (97)

2월 25, 2020 10:14:36.49 NEW SESSION
2월 25, 2020 10:14:36.49 [5328:1464:0225/101436.466:ERROR:CONSOLE(97)] "Ignoring unauthorized client request from null", source: devtools://devtools/bundled/extensions/ExtensionServer.js (97)

2월 25, 2020 10:29:10.85 NEW SESSION
2월 25, 2020 10:29:10.85 [6056:4964:0225/102910.852:ERROR:CONSOLE(97)] "Ignoring unauthorized client request from null", source: devtools://devtools/bundled/extensions/ExtensionServer.js (97)
2월 25, 2020 10:37:24.41 [6056:4964:0225/103724.414:ERROR:CONSOLE(97)] "Ignoring unauthorized client request from null", source: devtools://devtools/bundled/extensions/ExtensionServer.js (97)

2월 27, 2020 19:42:51.08 NEW SESSION
2월 27, 2020 19:42:51.08 [3724:5040:0227/194251.086:ERROR:CONSOLE(98)] "Ignoring unauthorized client request from null", source: devtools://devtools/bundled/extensions/ExtensionServer.js (98)

2월 28, 2020 10:22:01.85 NEW SESSION
2월 28, 2020 10:22:01.85 [6060:1592:0228/102201.852:ERROR:CONSOLE(98)] "Ignoring unauthorized client request from null", source: devtools://devtools/bundled/extensions/ExtensionServer.js (98)
2월 28, 2020 11:09:22.92 [6060:1592:0228/110922.927:ERROR:CONSOLE(98)] "Ignoring unauthorized client request from null", source: devtools://devtools/bundled/extensions/ExtensionServer.js (98)
2월 28, 2020 11:18:01.12 [6060:1592:0228/111801.124:ERROR:CONSOLE(98)] "Ignoring unauthorized client request from null", source: devtools://devtools/bundled/extensions/ExtensionServer.js (98)
2월 28, 2020 11:40:07.09 [6060:1592:0228/114007.095:ERROR:CONSOLE(98)] "Ignoring unauthorized client request from null", source: devtools://devtools/bundled/extensions/ExtensionServer.js (98)
2월 28, 2020 13:46:51.43 [6060:1592:0228/134651.416:ERROR:CONSOLE(98)] "Ignoring unauthorized client request from null", source: devtools://devtools/bundled/extensions/ExtensionServer.js (98)
2월 28, 2020 14:09:08.09 [6060:1592:0228/140908.099:ERROR:CONSOLE(98)] "Ignoring unauthorized client request from null", source: devtools://devtools/bundled/extensions/ExtensionServer.js (98)

3월 09, 2020 08:48:57.14 NEW SESSION
3월 09, 2020 08:48:57.14 [2744:968:0309/084857.140:ERROR:CONSOLE(98)] "Ignoring unauthorized client request from null", source: devtools://devtools/bundled/extensions/ExtensionServer.js (98)
3월 09, 2020 08:51:47.42 [2744:968:0309/085147.421:ERROR:CONSOLE(98)] "Ignoring unauthorized client request from null", source: devtools://devtools/bundled/extensions/ExtensionServer.js (98)
3월 09, 2020 09:11:11.82 [2744:968:0309/091111.822:ERROR:CONSOLE(98)] "Ignoring unauthorized client request from null", source: devtools://devtools/bundled/extensions/ExtensionServer.js (98)
3월 09, 2020 10:23:30.07 [2744:968:0309/102329.976:ERROR:CONSOLE(98)] "Ignoring unauthorized client request from null", source: devtools://devtools/bundled/extensions/ExtensionServer.js (98)
3월 09, 2020 13:06:16.87 [2744:968:0309/130616.873:ERROR:CONSOLE(98)] "Ignoring unauthorized client request from null", source: devtools://devtools/bundled/extensions/ExtensionServer.js (98)
3월 09, 2020 13:42:08.13 [0309/134208.084:ERROR:file_io.cc(134)] WriteFile: 파이프가 닫히는 중입니다. (0xE8)
3월 09, 2020 13:46:13.46 [2744:968:0309/134613.463:ERROR:CONSOLE(98)] "Ignoring unauthorized client request from null", source: devtools://devtools/bundled/extensions/ExtensionServer.js (98)
3월 09, 2020 14:14:47.84 [2744:968:0309/141447.840:ERROR:CONSOLE(98)] "Ignoring unauthorized client request from null", source: devtools://devtools/bundled/extensions/ExtensionServer.js (98)
3월 09, 2020 14:46:39.17 [2744:968:0309/144639.173:ERROR:CONSOLE(98)] "Ignoring unauthorized client request from null", source: devtools://devtools/bundled/extensions/ExtensionServer.js (98)
3월 09, 2020 15:10:19.54 [2744:968:0309/151019.541:ERROR:CONSOLE(98)] "Ignoring unauthorized client request from null", source: devtools://devtools/bundled/extensions/ExtensionServer.js (98)
3월 09, 2020 18:35:30.31 [2744:968:0309/183530.309:ERROR:CONSOLE(98)] "Ignoring unauthorized client request from null", source: devtools://devtools/bundled/extensions/ExtensionServer.js (98)

3월 11, 2020 13:58:38.65 NEW SESSION
3월 11, 2020 13:58:38.65 [5036:4476:0311/135838.649:ERROR:CONSOLE(98)] "Ignoring unauthorized client request from null", source: devtools://devtools/bundled/extensions/ExtensionServer.js (98)
3월 11, 2020 15:47:46.87 [5036:4476:0311/154746.870:ERROR:CONSOLE(98)] "Ignoring unauthorized client request from null", source: devtools://devtools/bundled/extensions/ExtensionServer.js (98)
3월 11, 2020 16:30:07.86 [5036:4476:0311/163007.866:ERROR:CONSOLE(98)] "Ignoring unauthorized client request from null", source: devtools://devtools/bundled/extensions/ExtensionServer.js (98)
3월 11, 2020 16:43:39.83 [5036:4476:0311/164339.830:ERROR:CONSOLE(98)] "Ignoring unauthorized client request from null", source: devtools://devtools/bundled/extensions/ExtensionServer.js (98)

3월 13, 2020 08:43:55.67 NEW SESSION
3월 13, 2020 08:43:55.67 [4616:1036:0313/084355.666:ERROR:CONSOLE(330)] "Uncaught TypeError: Cannot set property 'x' of undefined", source: chrome-search://most-visited/single.js (330)
3월 13, 2020 08:43:55.67 [4616:1036:0313/084355.668:ERROR:CONSOLE(330)] "Uncaught TypeError: Cannot set property 'x' of undefined", source: chrome-search://most-visited/single.js (330)

3월 18, 2020 10:11:33.40 NEW SESSION
3월 18, 2020 10:11:33.41 [4232:4748:0318/101133.406:ERROR:CONSOLE(98)] "Ignoring unauthorized client request from null", source: devtools://devtools/bundled/extensions/ExtensionServer.js (98)

3월 24, 2020 12:26:17.90 NEW SESSION
3월 24, 2020 12:26:17.90 [4196:3928:0324/122617.695:ERROR:CONSOLE(98)] "Ignoring unauthorized client request from null", source: devtools://devtools/bundled/extensions/ExtensionServer.js (98)
3월 24, 2020 13:08:28.01 [4196:3928:0324/130828.010:ERROR:CONSOLE(98)] "Ignoring unauthorized client request from null", source: devtools://devtools/bundled/extensions/ExtensionServer.js (98)
3월 24, 2020 13:50:01.30 [4196:3928:0324/135001.309:ERROR:CONSOLE(98)] "Ignoring unauthorized client request from null", source: devtools://devtools/bundled/extensions/ExtensionServer.js (98)
3월 24, 2020 14:14:36.13 [4196:3928:0324/141436.130:ERROR:CONSOLE(98)] "Ignoring unauthorized client request from null", source: devtools://devtools/bundled/extensions/ExtensionServer.js (98)
3월 24, 2020 15:25:32.44 [4196:3928:0324/152532.433:ERROR:CONSOLE(98)] "Ignoring unauthorized client request from null", source: devtools://devtools/bundled/extensions/ExtensionServer.js (98)
3월 24, 2020 15:25:44.95 [4196:3928:0324/152544.957:ERROR:CONSOLE(98)] "Ignoring unauthorized client request from null", source: devtools://devtools/bundled/extensions/ExtensionServer.js (98)
3월 24, 2020 15:55:15.40 [4196:3928:0324/155515.403:ERROR:CONSOLE(98)] "Ignoring unauthorized client request from null", source: devtools://devtools/bundled/extensions/ExtensionServer.js (98)
3월 24, 2020 17:06:26.91 [4196:3928:0324/170626.917:ERROR:CONSOLE(98)] "Ignoring unauthorized client request from null", source: devtools://devtools/bundled/extensions/ExtensionServer.js (98)
3월 24, 2020 17:06:40.08 [4196:3928:0324/170640.082:ERROR:CONSOLE(98)] "Ignoring unauthorized client request from null", source: devtools://devtools/bundled/extensions/ExtensionServer.js (98)
3월 24, 2020 17:09:56.45 [4196:3928:0324/170956.458:ERROR:CONSOLE(98)] "Ignoring unauthorized client request from null", source: devtools://devtools/bundled/extensions/ExtensionServer.js (98)
3월 24, 2020 17:10:03.07 [4196:3928:0324/171003.079:ERROR:CONSOLE(98)] "Ignoring unauthorized client request from null", source: devtools://devtools/bundled/extensions/ExtensionServer.js (98)
3월 24, 2020 17:11:33.71 [4196:3928:0324/171133.713:ERROR:CONSOLE(98)] "Ignoring unauthorized client request from null", source: devtools://devtools/bundled/extensions/ExtensionServer.js (98)

3월 26, 2020 15:30:35.78 NEW SESSION
3월 26, 2020 15:30:35.78 [2824:5044:0326/153035.763:ERROR:mcs_client.cc(758)] Received close command, resetting connection.

3월 27, 2020 14:39:15.43 NEW SESSION
3월 27, 2020 14:39:15.43 [760:3304:0327/143915.387:ERROR:CONSOLE(98)] "Ignoring unauthorized client request from null", source: devtools://devtools/bundled/extensions/ExtensionServer.js (98)

4월 01, 2020 10:19:03.60 NEW SESSION
4월 01, 2020 10:19:03.60 [4316:4004:0401/101903.598:ERROR:CONSOLE(98)] "Ignoring unauthorized client request from null", source: devtools://devtools/bundled/extensions/ExtensionServer.js (98)
4월 01, 2020 10:54:29.64 [4316:4004:0401/105429.649:ERROR:CONSOLE(98)] "Ignoring unauthorized client request from null", source: devtools://devtools/bundled/extensions/ExtensionServer.js (98)
4월 01, 2020 11:04:53.92 [4316:4004:0401/110453.925:ERROR:CONSOLE(98)] "Ignoring unauthorized client request from null", source: devtools://devtools/bundled/extensions/ExtensionServer.js (98)
4월 01, 2020 11:17:21.77 [4316:4004:0401/111721.772:ERROR:CONSOLE(98)] "Ignoring unauthorized client request from null", source: devtools://devtools/bundled/extensions/ExtensionServer.js (98)
4월 01, 2020 11:28:58.53 [4316:4004:0401/112858.531:ERROR:CONSOLE(98)] "Ignoring unauthorized client request from null", source: devtools://devtools/bundled/extensions/ExtensionServer.js (98)
4월 01, 2020 14:13:00.05 [4316:4004:0401/141300.050:ERROR:CONSOLE(98)] "Ignoring unauthorized client request from null", source: devtools://devtools/bundled/extensions/ExtensionServer.js (98)
4월 01, 2020 15:24:55.15 [4316:4004:0401/152455.157:ERROR:CONSOLE(98)] "Ignoring unauthorized client request from null", source: devtools://devtools/bundled/extensions/ExtensionServer.js (98)
4월 01, 2020 15:31:40.02 [4316:4004:0401/153140.024:ERROR:CONSOLE(98)] "Ignoring unauthorized client request from null", source: devtools://devtools/bundled/extensions/ExtensionServer.js (98)
4월 01, 2020 19:50:29.18 [4316:4004:0401/195029.182:ERROR:CONSOLE(98)] "Ignoring unauthorized client request from null", source: devtools://devtools/bundled/extensions/ExtensionServer.js (98)
4월 01, 2020 19:59:49.69 [4316:4004:0401/195949.690:ERROR:CONSOLE(98)] "Ignoring unauthorized client request from null", source: devtools://devtools/bundled/extensions/ExtensionServer.js (98)
4월 01, 2020 20:18:17.23 [4316:4004:0401/201817.229:ERROR:CONSOLE(98)] "Ignoring unauthorized client request from null", source: devtools://devtools/bundled/extensions/ExtensionServer.js (98)
